<?xml version="1.0" encoding="UTF-8"?>
<!-- Generated by org.testng.reporters.JUnitReportReporter -->
<testsuite hostname="CPX-CVU4D5WD503" failures="0" tests="4" name="tescases.register_testcases" time="15.898" errors="0" timestamp="23 Apr. 2021 17:08:37 GMT" skipped="0">
  <testcase classname="tescases.register_testcases" name="register_firsttestcase" time="2.710"/>
  <testcase classname="tescases.register_testcases" name="register_firsttestcase" time="2.605"/>
  <testcase classname="tescases.register_testcases" name="register_firsttestcase" time="2.751"/>
  <testcase classname="tescases.register_testcases" name="register_firsttestcase" time="7.832"/>
</testsuite> <!-- tescases.register_testcases -->
