<?xml version="1.0" encoding="UTF-8"?>
<!-- Generated by org.testng.reporters.JUnitReportReporter -->
<testsuite hostname="CPX-CVU4D5WD503" failures="0" tests="4" name="PHP_register.register_testcase" time="16.187" errors="0" timestamp="20 Apr. 2021 17:44:47 GMT" skipped="0">
  <testcase classname="PHP_register.register_testcase" name="register_firsttestcase" time="2.721"/>
  <testcase classname="PHP_register.register_testcase" name="register_firsttestcase" time="3.267"/>
  <testcase classname="PHP_register.register_testcase" name="register_firsttestcase" time="3.024"/>
  <testcase classname="PHP_register.register_testcase" name="register_firsttestcase" time="7.175"/>
</testsuite> <!-- PHP_register.register_testcase -->
