<?xml version="1.0" encoding="UTF-8"?>
<!-- Generated by org.testng.reporters.JUnitReportReporter -->
<testsuite hostname="CPX-CVU4D5WD503" failures="0" tests="4" name="PHP_register.register_testcase" time="12.323" errors="0" timestamp="22 Apr. 2021 16:29:49 GMT" skipped="0">
  <testcase classname="PHP_register.register_testcase" name="register_firsttestcase" time="5.526"/>
  <testcase classname="PHP_register.register_testcase" name="register_firsttestcase" time="2.245"/>
  <testcase classname="PHP_register.register_testcase" name="register_firsttestcase" time="2.280"/>
  <testcase classname="PHP_register.register_testcase" name="register_firsttestcase" time="2.272"/>
</testsuite> <!-- PHP_register.register_testcase -->
