<?xml version="1.0" encoding="UTF-8"?>
<!-- Generated by org.testng.reporters.JUnitReportReporter -->
<testsuite hostname="CPX-CVU4D5WD503" failures="0" tests="4" name="PHP_register.register_testcase" time="14.535" errors="0" timestamp="21 Apr. 2021 14:19:45 GMT" skipped="0">
  <testcase classname="PHP_register.register_testcase" name="register_firsttestcase" time="8.148"/>
  <testcase classname="PHP_register.register_testcase" name="register_firsttestcase" time="2.137"/>
  <testcase classname="PHP_register.register_testcase" name="register_firsttestcase" time="2.202"/>
  <testcase classname="PHP_register.register_testcase" name="register_firsttestcase" time="2.048"/>
</testsuite> <!-- PHP_register.register_testcase -->
