<?xml version="1.0" encoding="UTF-8"?>
<!-- Generated by org.testng.reporters.JUnitReportReporter -->
<testsuite hostname="CPX-CVU4D5WD503" failures="0" tests="4" name="PHP_register.register_testcase" time="15.807" errors="0" timestamp="21 Apr. 2021 13:45:28 GMT" skipped="0">
  <testcase classname="PHP_register.register_testcase" name="register_firsttestcase" time="2.396"/>
  <testcase classname="PHP_register.register_testcase" name="register_firsttestcase" time="2.302"/>
  <testcase classname="PHP_register.register_testcase" name="register_firsttestcase" time="8.778"/>
  <testcase classname="PHP_register.register_testcase" name="register_firsttestcase" time="2.331"/>
</testsuite> <!-- PHP_register.register_testcase -->
